2026-02-26 11:37:47 | INFO | process_pdfs:75 | Iniciando busca de PDFs...
2026-02-26 11:37:47 | INFO | process_pdfs:77 | Procurando PDFs em: C:\Users\Yuan\Desktop\git_hub\ai_engineering\llmops\project_llmops\enterprise_project\static\files
2026-02-26 11:37:47 | INFO | process_pdfs:85 | 1 PDF(s) encontrado(s).
2026-02-26 11:38:32 | INFO | process_pdfs:75 | Iniciando busca de PDFs...
2026-02-26 11:38:32 | INFO | process_pdfs:77 | Procurando PDFs em: C:\Users\Yuan\Desktop\git_hub\ai_engineering\llmops\project_llmops\enterprise_project\static\files
2026-02-26 11:38:32 | INFO | process_pdfs:85 | 1 PDF(s) encontrado(s).
2026-02-26 12:04:38 | INFO | process:75 | Iniciando busca de FILEs...
2026-02-26 12:04:38 | INFO | process:77 | Procurando FILEs em: C:\Users\Yuan\Desktop\git_hub\ai_engineering\llmops\project_llmops\enterprise_project\static\files
2026-02-26 12:04:38 | INFO | process:85 | 1 FILE(s) encontrado(s).
2026-02-26 12:24:06 | INFO | process:78 | Iniciando busca de FILEs...
2026-02-26 12:24:06 | INFO | process:80 | Procurando FILEs em: C:\Users\Yuan\Desktop\git_hub\ai_engineering\llmops\project_llmops\enterprise_project\static\files
2026-02-26 12:24:06 | INFO | process:88 | 1 FILE(s) encontrado(s).
2026-02-26 12:24:13 | INFO | process:78 | Iniciando busca de FILEs...
2026-02-26 12:24:13 | INFO | process:80 | Procurando FILEs em: C:\Users\Yuan\Desktop\git_hub\ai_engineering\llmops\project_llmops\enterprise_project\static\files
2026-02-26 12:24:13 | INFO | process:88 | 1 FILE(s) encontrado(s).
2026-02-26 12:27:27 | INFO | process:75 | Iniciando busca de FILEs...
2026-02-26 12:27:27 | INFO | process:77 | Procurando FILEs em: C:\Users\Yuan\Desktop\git_hub\ai_engineering\llmops\project_llmops\enterprise_project\static\files
2026-02-26 12:27:27 | INFO | process:85 | 1 FILE(s) encontrado(s).
2026-02-26 12:28:37 | INFO | process:75 | Iniciando busca de FILEs...
2026-02-26 12:28:37 | INFO | process:77 | Procurando FILEs em: C:\Users\Yuan\Desktop\git_hub\ai_engineering\llmops\project_llmops\enterprise_project\static\files
2026-02-26 12:28:37 | INFO | process:86 | 1 FILE(s) encontrado(s).
2026-02-26 12:28:57 | INFO | process:75 | Iniciando busca de FILEs...
2026-02-26 12:28:57 | INFO | process:77 | Procurando FILEs em: C:\Users\Yuan\Desktop\git_hub\ai_engineering\llmops\project_llmops\enterprise_project\static\files
2026-02-26 12:28:57 | INFO | process:86 | 1 FILE(s) encontrado(s).
2026-02-26 12:29:40 | INFO | process:75 | Iniciando busca de FILEs...
2026-02-26 12:29:40 | INFO | process:77 | Procurando FILEs em: C:\Users\Yuan\Desktop\git_hub\ai_engineering\llmops\project_llmops\enterprise_project\static\files
2026-02-26 12:29:40 | INFO | process:86 | 1 FILE(s) encontrado(s).
2026-02-26 12:37:32 | INFO | process:75 | Iniciando busca de FILEs...
2026-02-26 12:37:32 | INFO | process:77 | Procurando FILEs em: C:\Users\Yuan\Desktop\git_hub\ai_engineering\llmops\project_llmops\enterprise_project\static\files
2026-02-26 12:37:32 | INFO | process:86 | 1 FILE(s) encontrado(s).
2026-02-26 14:41:56 | INFO | process:75 | Iniciando busca de FILEs...
2026-02-26 14:41:56 | INFO | process:77 | Procurando FILEs em: C:\Users\Yuan\Desktop\git_hub\ai_engineering\llmops\project_llmops\enterprise_project\static\files
2026-02-26 14:41:56 | INFO | process:85 | 1 FILE(s) encontrado(s).
2026-02-26 16:01:43 | INFO | process:76 | Iniciando busca de FILEs...
2026-02-26 16:01:43 | INFO | process:78 | Procurando FILEs em: C:\Users\Yuan\Desktop\git_hub\ai_engineering\llmops\project_llmops\enterprise_project\static\files
2026-02-26 16:01:43 | INFO | process:86 | 1 FILE(s) encontrado(s).
2026-02-26 16:02:44 | INFO | process:76 | Iniciando busca de FILEs...
2026-02-26 16:02:44 | INFO | process:78 | Procurando FILEs em: C:\Users\Yuan\Desktop\git_hub\ai_engineering\llmops\project_llmops\enterprise_project\static\files
2026-02-26 16:02:44 | INFO | process:86 | 1 FILE(s) encontrado(s).
2026-02-26 16:26:41 | INFO | process:76 | Iniciando busca de FILEs...
2026-02-26 16:26:41 | INFO | process:78 | Procurando FILEs em: C:\Users\Yuan\Desktop\git_hub\ai_engineering\llmops\project_llmops\enterprise_project\static\files
2026-02-26 16:26:41 | INFO | process:86 | 1 FILE(s) encontrado(s).
2026-02-26 17:26:16 | INFO | process:76 | Iniciando busca de FILEs...
2026-02-26 17:26:16 | INFO | process:78 | Procurando FILEs em: C:\Users\Yuan\Desktop\git_hub\ai_engineering\llmops\project_llmops\enterprise_project\static\files
2026-02-26 17:26:16 | INFO | process:86 | 1 FILE(s) encontrado(s).
2026-02-26 18:00:17 | INFO | process:76 | Iniciando busca de FILEs...
2026-02-26 18:00:17 | INFO | process:78 | Procurando FILEs em: C:\Users\Yuan\Desktop\git_hub\ai_engineering\llmops\project_llmops\enterprise_project\static\files
2026-02-26 18:00:17 | INFO | process:86 | 1 FILE(s) encontrado(s).
2026-02-27 01:03:23 | INFO | process:76 | Iniciando busca de FILEs...
2026-02-27 01:03:23 | INFO | process:78 | Procurando FILEs em: C:\Users\Yuan\Desktop\git_hub\ai_engineering\llmops\project_llmops\enterprise_project\static\files
2026-02-27 01:03:23 | INFO | process:86 | 1 FILE(s) encontrado(s).
2026-02-27 01:08:11 | INFO | process:76 | Iniciando busca de FILEs...
2026-02-27 01:08:11 | INFO | process:78 | Procurando FILEs em: C:\Users\Yuan\Desktop\git_hub\ai_engineering\llmops\project_llmops\enterprise_project\static\files
2026-02-27 01:08:11 | INFO | process:86 | 1 FILE(s) encontrado(s).
2026-02-27 01:24:32 | INFO | process:76 | Iniciando busca de FILEs...
2026-02-27 01:24:32 | INFO | process:78 | Procurando FILEs em: C:\Users\Yuan\Desktop\git_hub\ai_engineering\llmops\project_llmops\enterprise_project\static\files
2026-02-27 01:24:32 | INFO | process:86 | 1 FILE(s) encontrado(s).
2026-02-27 01:37:43 | INFO | process:76 | Iniciando busca de FILEs...
2026-02-27 01:37:43 | INFO | process:78 | Procurando FILEs em: C:\Users\Yuan\Desktop\git_hub\ai_engineering\llmops\project_llmops\enterprise_project\static\files
2026-02-27 01:37:43 | INFO | process:86 | 1 FILE(s) encontrado(s).
2026-02-27 01:53:22 | INFO | process:76 | Iniciando busca de FILEs...
2026-02-27 01:53:22 | INFO | process:78 | Procurando FILEs em: C:\Users\Yuan\Desktop\git_hub\ai_engineering\llmops\project_llmops\enterprise_project\static\files
2026-02-27 01:53:22 | INFO | process:86 | 1 FILE(s) encontrado(s).
2026-02-27 01:54:08 | INFO | process:76 | Iniciando busca de FILEs...
2026-02-27 01:54:08 | INFO | process:78 | Procurando FILEs em: C:\Users\Yuan\Desktop\git_hub\ai_engineering\llmops\project_llmops\enterprise_project\static\files
2026-02-27 01:54:08 | INFO | process:86 | 1 FILE(s) encontrado(s).
2026-02-27 01:55:06 | INFO | process:76 | Iniciando busca de FILEs...
2026-02-27 01:55:06 | INFO | process:78 | Procurando FILEs em: C:\Users\Yuan\Desktop\git_hub\ai_engineering\llmops\project_llmops\enterprise_project\static\files
2026-02-27 01:55:06 | INFO | process:86 | 1 FILE(s) encontrado(s).
2026-02-27 01:56:17 | INFO | process:76 | Iniciando busca de FILEs...
2026-02-27 01:56:17 | INFO | process:78 | Procurando FILEs em: C:\Users\Yuan\Desktop\git_hub\ai_engineering\llmops\project_llmops\enterprise_project\static\files
2026-02-27 01:56:17 | INFO | process:86 | 1 FILE(s) encontrado(s).
2026-02-27 01:56:53 | INFO | process:76 | Iniciando busca de FILEs...
2026-02-27 01:56:53 | INFO | process:78 | Procurando FILEs em: C:\Users\Yuan\Desktop\git_hub\ai_engineering\llmops\project_llmops\enterprise_project\static\files
2026-02-27 01:56:53 | INFO | process:86 | 1 FILE(s) encontrado(s).
2026-02-27 01:57:25 | INFO | process:76 | Iniciando busca de FILEs...
2026-02-27 01:57:25 | INFO | process:78 | Procurando FILEs em: C:\Users\Yuan\Desktop\git_hub\ai_engineering\llmops\project_llmops\enterprise_project\static\files
2026-02-27 01:57:25 | INFO | process:86 | 1 FILE(s) encontrado(s).
2026-02-27 03:21:46 | INFO | populate_knowledge_base_from_file:76 | Iniciando busca de FILEs...
2026-02-27 03:21:46 | INFO | populate_knowledge_base_from_file:78 | Procurando FILEs em: C:\Users\Yuan\Desktop\git_hub\ai_engineering\llmops\project_llmops\enterprise_project\static\files
2026-02-27 03:21:46 | INFO | populate_knowledge_base_from_file:86 | 1 FILE(s) encontrado(s).
2026-02-27 03:43:13 | INFO | populate_knowledge_base_from_file:76 | Iniciando busca de FILEs...
2026-02-27 03:43:13 | INFO | populate_knowledge_base_from_file:78 | Procurando FILEs em: C:\Users\Yuan\Desktop\git_hub\ai_engineering\llmops\project_llmops\enterprise_project\static\files
2026-02-27 03:43:13 | INFO | populate_knowledge_base_from_file:86 | 1 FILE(s) encontrado(s).
2026-02-27 03:43:49 | INFO | populate_knowledge_base_from_file:76 | Iniciando busca de FILEs...
2026-02-27 03:43:49 | INFO | populate_knowledge_base_from_file:78 | Procurando FILEs em: C:\Users\Yuan\Desktop\git_hub\ai_engineering\llmops\project_llmops\enterprise_project\static\files
2026-02-27 03:43:49 | INFO | populate_knowledge_base_from_file:86 | 1 FILE(s) encontrado(s).
2026-02-27 09:00:21 | INFO | populate_knowledge_base_from_file:76 | Iniciando busca de FILEs...
2026-02-27 09:00:21 | INFO | populate_knowledge_base_from_file:78 | Procurando FILEs em: C:\Users\Yuan\Desktop\git_hub\ai_engineering\llmops\project_llmops\enterprise_project\static\files
2026-02-27 09:00:21 | INFO | populate_knowledge_base_from_file:86 | 1 FILE(s) encontrado(s).
2026-02-27 14:58:41 | INFO | populate_knowledge_base_from_file:76 | Iniciando busca de FILEs...
2026-02-27 14:58:41 | INFO | populate_knowledge_base_from_file:78 | Procurando FILEs em: C:\Users\Yuan\Desktop\git_hub\ai_engineering\llmops\project_llmops\enterprise_project\static\files
2026-02-27 14:58:41 | INFO | populate_knowledge_base_from_file:86 | 1 FILE(s) encontrado(s).
2026-02-27 15:19:25 | INFO | populate_knowledge_base_from_file:76 | Iniciando busca de FILEs...
2026-02-27 15:19:25 | INFO | populate_knowledge_base_from_file:78 | Procurando FILEs em: C:\Users\Yuan\Desktop\git_hub\ai_engineering\llmops\project_llmops\enterprise_project\static\files
2026-02-27 15:19:25 | INFO | populate_knowledge_base_from_file:86 | 2 FILE(s) encontrado(s).
2026-02-27 15:21:30 | INFO | populate_knowledge_base_from_file:76 | Iniciando busca de FILEs...
2026-02-27 15:21:30 | INFO | populate_knowledge_base_from_file:78 | Procurando FILEs em: C:\Users\Yuan\Desktop\git_hub\ai_engineering\llmops\project_llmops\enterprise_project\static\files
2026-02-27 15:21:30 | INFO | populate_knowledge_base_from_file:86 | 2 FILE(s) encontrado(s).
2026-02-27 15:43:43 | INFO | populate_knowledge_base_from_file:76 | Iniciando busca de FILEs...
2026-02-27 15:43:43 | INFO | populate_knowledge_base_from_file:78 | Procurando FILEs em: C:\Users\Yuan\Desktop\git_hub\ai_engineering\llmops\project_llmops\enterprise_project\static\files
2026-02-27 15:43:43 | INFO | populate_knowledge_base_from_file:86 | 2 FILE(s) encontrado(s).
2026-02-27 15:52:30 | INFO | populate_knowledge_base_from_file:76 | Iniciando busca de FILEs...
2026-02-27 15:52:30 | INFO | populate_knowledge_base_from_file:78 | Procurando FILEs em: C:\Users\Yuan\Desktop\git_hub\ai_engineering\llmops\project_llmops\enterprise_project\static\files
2026-02-27 15:52:30 | INFO | populate_knowledge_base_from_file:86 | 2 FILE(s) encontrado(s).
2026-02-27 15:56:17 | INFO | populate_knowledge_base_from_file:76 | Iniciando busca de FILEs...
2026-02-27 15:56:17 | INFO | populate_knowledge_base_from_file:78 | Procurando FILEs em: C:\Users\Yuan\Desktop\git_hub\ai_engineering\llmops\project_llmops\enterprise_project\static\files
2026-02-27 15:56:17 | INFO | populate_knowledge_base_from_file:86 | 2 FILE(s) encontrado(s).
2026-03-01 10:52:12 | INFO | populate_knowledge_base_from_file:76 | Iniciando busca de FILEs...
2026-03-01 10:52:12 | INFO | populate_knowledge_base_from_file:78 | Procurando FILEs em: C:\Users\Yuan\Desktop\git_hub\ai_engineering\llmops\project_llmops\enterprise_project\static\files
2026-03-01 10:52:12 | INFO | populate_knowledge_base_from_file:86 | 2 FILE(s) encontrado(s).
2026-03-01 14:06:54 | INFO | populate_knowledge_base_from_file:76 | Iniciando busca de FILEs...
2026-03-01 14:06:54 | INFO | populate_knowledge_base_from_file:78 | Procurando FILEs em: C:\Users\Yuan\Desktop\git_hub\ai_engineering\llmops\project_llmops\enterprise_project\static\files
2026-03-01 14:06:54 | INFO | populate_knowledge_base_from_file:86 | 2 FILE(s) encontrado(s).
2026-03-01 14:12:16 | INFO | populate_knowledge_base_from_file:76 | Iniciando busca de FILEs...
2026-03-01 14:12:16 | INFO | populate_knowledge_base_from_file:78 | Procurando FILEs em: C:\Users\Yuan\Desktop\git_hub\ai_engineering\llmops\project_llmops\enterprise_project\static\files
2026-03-01 14:12:16 | INFO | populate_knowledge_base_from_file:86 | 2 FILE(s) encontrado(s).
